error: hard-coded GTS ID prefix; use gts_id!("<suffix>") instead (DE0904)
  --> $DIR/hardcoded_prefix_in_macros.rs:6:1
   |
LL | / #[gts_type_schema(
LL | |     dir_path = "schemas",
LL | |     type_id = "gts.cf.de0904.tests.type.v1~",
LL | |     description = "DE0904 macro hard-coded-prefix test type",
LL | |     properties = "id,name",
LL | |     base = true
LL | | )]
   | |__^
   |
   = help: for example: gts_id!("cf.core.users.user.v1~")
   = note: `#[deny(de0904_no_hardcoded_gts_prefix)]` on by default

error: hard-coded GTS ID prefix; use gts_id!("<suffix>") instead (DE0904)
  --> $DIR/hardcoded_prefix_in_macros.rs:18:1
   |
LL | / gts_instance_raw!({
LL | |     "id": "gts.cf.de0904.tests.type.v1~cf.de0904.tests.raw.v1",
LL | |     "name": "raw",
LL | | });
   | |__^
   |
   = help: for example: gts_id!("cf.core.users.user.v1~")

error: hard-coded GTS ID prefix; use gts_id!("<suffix>") instead (DE0904)
  --> $DIR/hardcoded_prefix_in_macros.rs:23:1
   |
LL | / gts_instance! {
LL | |     TestTypeV1 {
LL | |         id: "gts.cf.de0904.tests.type.v1~cf.de0904.tests.typed.v1",
LL | |         name: "typed".to_owned(),
LL | |     }
LL | | }
   | |_^
   |
   = help: for example: gts_id!("cf.core.users.user.v1~")

error: hard-coded GTS ID prefix; use gts_id!("<suffix>") instead (DE0904)
  --> $DIR/hardcoded_prefix_in_macros.rs:30:1
   |
LL | #[resource_error("gts.cf.de0904.tests.type.v1~")]
   | ^^^^^^^^^^^^^^^^^^^^^^^^^^^^^^^^^^^^^^^^^^^^^^^^^
   |
   = help: for example: gts_id!("cf.core.users.user.v1~")

error: aborting due to 4 previous errors

